<?xml version="1.0" encoding="UTF-8"?>
<testsuites name="jest tests" tests="19" failures="1" errors="0" time="0.407">
  <testsuite name="Auth Module" errors="0" failures="1" skipped="0" timestamp="2025-12-04T21:27:21" time="0.116" tests="19">
    <testcase classname="Auth Module › getUser" name="should return null when no user is stored" time="0.002">
      <failure>Error: expect(received).toBe(expected) // Object.is equality

Expected: &quot;este test debe fallar intencionalmente&quot;
Received: null
    at Object.&lt;anonymous&gt; (/Users/felipeganame/Desktop/SEGUNDA PARTE ING SOF/TP8-blogweb-nodejs-docker/BlogWEB/frontend/__tests__/auth.test.js:16:20)
    at Promise.then.completed (/Users/felipeganame/Desktop/SEGUNDA PARTE ING SOF/TP8-blogweb-nodejs-docker/BlogWEB/frontend/node_modules/jest-circus/build/utils.js:298:28)
    at new Promise (&lt;anonymous&gt;)
    at callAsyncCircusFn (/Users/felipeganame/Desktop/SEGUNDA PARTE ING SOF/TP8-blogweb-nodejs-docker/BlogWEB/frontend/node_modules/jest-circus/build/utils.js:231:10)
    at _callCircusTest (/Users/felipeganame/Desktop/SEGUNDA PARTE ING SOF/TP8-blogweb-nodejs-docker/BlogWEB/frontend/node_modules/jest-circus/build/run.js:316:40)
    at processTicksAndRejections (node:internal/process/task_queues:105:5)
    at _runTest (/Users/felipeganame/Desktop/SEGUNDA PARTE ING SOF/TP8-blogweb-nodejs-docker/BlogWEB/frontend/node_modules/jest-circus/build/run.js:252:3)
    at _runTestsForDescribeBlock (/Users/felipeganame/Desktop/SEGUNDA PARTE ING SOF/TP8-blogweb-nodejs-docker/BlogWEB/frontend/node_modules/jest-circus/build/run.js:126:9)
    at _runTestsForDescribeBlock (/Users/felipeganame/Desktop/SEGUNDA PARTE ING SOF/TP8-blogweb-nodejs-docker/BlogWEB/frontend/node_modules/jest-circus/build/run.js:121:9)
    at _runTestsForDescribeBlock (/Users/felipeganame/Desktop/SEGUNDA PARTE ING SOF/TP8-blogweb-nodejs-docker/BlogWEB/frontend/node_modules/jest-circus/build/run.js:121:9)
    at run (/Users/felipeganame/Desktop/SEGUNDA PARTE ING SOF/TP8-blogweb-nodejs-docker/BlogWEB/frontend/node_modules/jest-circus/build/run.js:71:3)
    at runAndTransformResultsToJestFormat (/Users/felipeganame/Desktop/SEGUNDA PARTE ING SOF/TP8-blogweb-nodejs-docker/BlogWEB/frontend/node_modules/jest-circus/build/legacy-code-todo-rewrite/jestAdapterInit.js:122:21)
    at jestAdapter (/Users/felipeganame/Desktop/SEGUNDA PARTE ING SOF/TP8-blogweb-nodejs-docker/BlogWEB/frontend/node_modules/jest-circus/build/legacy-code-todo-rewrite/jestAdapter.js:79:19)
    at runTestInternal (/Users/felipeganame/Desktop/SEGUNDA PARTE ING SOF/TP8-blogweb-nodejs-docker/BlogWEB/frontend/node_modules/jest-runner/build/runTest.js:367:16)
    at runTest (/Users/felipeganame/Desktop/SEGUNDA PARTE ING SOF/TP8-blogweb-nodejs-docker/BlogWEB/frontend/node_modules/jest-runner/build/runTest.js:444:34)</failure>
    </testcase>
    <testcase classname="Auth Module › getUser" name="should return user object when user is stored" time="0.001">
    </testcase>
    <testcase classname="Auth Module › getUser" name="should handle malformed JSON in localStorage gracefully" time="0">
    </testcase>
    <testcase classname="Auth Module › getToken" name="should return null when no token is stored" time="0">
    </testcase>
    <testcase classname="Auth Module › getToken" name="should return token when token is stored" time="0">
    </testcase>
    <testcase classname="Auth Module › setUser" name="should store user data in localStorage" time="0">
    </testcase>
    <testcase classname="Auth Module › setUser" name="should store user and token separately" time="0.001">
    </testcase>
    <testcase classname="Auth Module › setUser" name="should overwrite existing user data" time="0">
    </testcase>
    <testcase classname="Auth Module › logout" name="should remove user and token from localStorage" time="0.001">
    </testcase>
    <testcase classname="Auth Module › logout" name="should not throw error when no data exists" time="0">
    </testcase>
    <testcase classname="Auth Module › logout" name="should remove only user and token, not other localStorage items" time="0">
    </testcase>
    <testcase classname="Auth Module › isAuthenticated" name="should return false when no token exists" time="0">
    </testcase>
    <testcase classname="Auth Module › isAuthenticated" name="should return true when token exists" time="0.001">
    </testcase>
    <testcase classname="Auth Module › isAuthenticated" name="should return false when token is removed" time="0">
    </testcase>
    <testcase classname="Auth Module › isAuthenticated" name="should return false when token is empty string" time="0">
    </testcase>
    <testcase classname="Auth Module › isAuthenticated" name="should return true for any non-empty token" time="0">
    </testcase>
    <testcase classname="Auth Module › Integration scenarios" name="should handle complete login flow" time="0">
    </testcase>
    <testcase classname="Auth Module › Integration scenarios" name="should handle complete logout flow" time="0">
    </testcase>
    <testcase classname="Auth Module › Integration scenarios" name="should persist data across function calls" time="0">
    </testcase>
  </testsuite>
</testsuites>